2025-03-06 19:00:11,077 - ERROR - Fichier audio test.wav introuvable.
2025-03-06 19:00:48,470 - INFO - Initialisation du navigateur Chrome...
2025-03-06 19:00:53,429 - INFO - Chrome initialisé sans Service
2025-03-06 19:00:53,429 - INFO - Accès à l'URL: https://meet.google.com/qwn-jzgr-ztx
2025-03-06 19:01:04,803 - INFO - Attente du champ de saisie du nom...
2025-03-06 19:01:04,968 - INFO - Nom 'Meet Maestro Bot' saisi avec succès
2025-03-06 19:01:06,111 - INFO - Bouton Rejoindre cliqué avec succès
2025-03-06 19:01:26,131 - INFO - Attente de l'acceptation par l'hôte...
2025-03-06 19:01:38,433 - INFO - Hôte accepté, réunion lancée.
2025-03-06 19:01:38,434 - INFO - Attente de chargement complet de l'interface Meet...
2025-03-06 19:01:43,438 - INFO - Démarrage du thread audio...
2025-03-06 19:01:43,477 - INFO - Début de la lecture audio: test.wav
2025-03-06 19:01:45,453 - INFO - Surveillance de la réunion...
2025-03-06 19:01:54,527 - INFO - Surveillance en cours... (10 vérifications)
2025-03-06 19:02:04,604 - INFO - Surveillance en cours... (20 vérifications)
2025-03-06 19:02:14,681 - INFO - Surveillance en cours... (30 vérifications)
2025-03-06 19:02:24,755 - INFO - Surveillance en cours... (40 vérifications)
2025-03-06 19:02:34,834 - INFO - Surveillance en cours... (50 vérifications)
2025-03-06 19:02:43,734 - INFO - Lecture audio terminée.
2025-03-06 19:02:43,902 - INFO - Audio terminé, quitter la réunion...
2025-03-06 19:02:43,903 - INFO - Tentative de quitter la réunion...
2025-03-06 19:02:44,008 - INFO - Réunion quittée avec succès.
2025-03-06 19:02:46,009 - INFO - Fermeture du navigateur...
2025-03-06 19:33:33,118 - INFO - Utilisation de l'URL: https://meet.google.com/cvf-tkrx-cog
2025-03-06 19:33:33,118 - INFO - Utilisation du fichier audio: test.wav
2025-03-06 19:33:33,118 - INFO - Initialisation du navigateur Chrome...
2025-03-06 19:33:34,161 - INFO - Chrome initialisé sans Service
2025-03-06 19:33:34,161 - INFO - Accès à l'URL: https://meet.google.com/cvf-tkrx-cog
2025-03-06 19:33:43,563 - INFO - Attente du champ de saisie du nom...
2025-03-06 19:33:43,730 - INFO - Nom 'Meet Maestro Bot' saisi avec succès
2025-03-06 19:33:44,872 - INFO - Bouton Rejoindre cliqué avec succès
2025-03-06 19:34:04,892 - INFO - Attente de l'acceptation par l'hôte...
2025-03-06 19:34:11,516 - INFO - Hôte accepté, réunion lancée.
2025-03-06 19:34:11,516 - INFO - Attente de chargement complet de l'interface Meet...
2025-03-06 19:34:16,521 - INFO - Démarrage du thread audio...
2025-03-06 19:34:16,539 - INFO - Début de la lecture audio: test.wav
2025-03-06 19:34:18,536 - INFO - Surveillance de la réunion...
2025-03-06 19:34:27,612 - INFO - Surveillance en cours... (10 vérifications)
2025-03-06 19:34:37,692 - INFO - Surveillance en cours... (20 vérifications)
2025-03-06 19:34:47,769 - INFO - Surveillance en cours... (30 vérifications)
2025-03-06 19:34:57,842 - INFO - Surveillance en cours... (40 vérifications)
2025-03-06 19:35:07,982 - INFO - bouton quitter introuvable
2025-03-06 19:35:07,982 - WARNING - Réunion potentiellement inactive (1/3)
2025-03-06 19:35:07,982 - INFO - Surveillance en cours... (50 vérifications)
2025-03-06 19:35:09,030 - INFO - bouton quitter introuvable
2025-03-06 19:35:09,030 - WARNING - Réunion potentiellement inactive (2/3)
2025-03-06 19:35:10,041 - INFO - bouton quitter introuvable
2025-03-06 19:35:10,041 - WARNING - Réunion potentiellement inactive (3/3)
2025-03-06 19:35:10,041 - INFO - L'utilisateur a quitté la réunion (3 vérifications consécutives)
2025-03-06 19:35:12,042 - INFO - Fermeture du navigateur...
2025-03-06 19:37:14,723 - INFO - Utilisation de l'URL: https://meet.google.com/cvf-tkrx-cog
2025-03-06 19:37:14,724 - INFO - Utilisation du fichier audio: test.wav
2025-03-06 19:37:14,724 - INFO - Initialisation du navigateur Chrome...
2025-03-06 19:37:15,765 - INFO - Chrome initialisé sans Service
2025-03-06 19:37:15,765 - INFO - Accès à l'URL: https://meet.google.com/cvf-tkrx-cog
2025-03-06 19:37:26,114 - INFO - Attente du champ de saisie du nom...
2025-03-06 19:37:26,301 - INFO - Nom 'Meet Maestro Bot' saisi avec succès
2025-03-06 19:37:27,465 - INFO - Bouton Rejoindre cliqué avec succès
2025-03-06 19:37:47,485 - INFO - Attente de l'acceptation par l'hôte...
2025-03-06 19:38:42,461 - INFO - Hôte accepté, réunion lancée.
2025-03-06 19:38:42,461 - INFO - Attente de chargement complet de l'interface Meet...
2025-03-06 19:38:47,466 - INFO - Démarrage du thread audio...
2025-03-06 19:38:47,481 - INFO - Début de la lecture audio: test.wav
2025-03-06 19:38:49,483 - INFO - bouton quitter introuvable
2025-03-06 19:38:49,483 - WARNING - La réunion semble inactive juste après la connexion - vérification...
2025-03-06 19:38:52,493 - INFO - Réunion active après double vérification.
2025-03-06 19:38:52,493 - INFO - Surveillance de la réunion...
2025-03-06 19:39:01,565 - INFO - Surveillance en cours... (10 vérifications)
2025-03-06 19:39:11,637 - INFO - Surveillance en cours... (20 vérifications)
2025-03-06 19:39:21,714 - INFO - Surveillance en cours... (30 vérifications)
2025-03-06 19:39:30,757 - INFO - Programme interrompu par l'utilisateur.
2025-03-06 19:39:30,757 - INFO - Fermeture du navigateur...
2025-03-06 19:39:30,758 - WARNING - Retrying (Retry(total=2, connect=None, read=None, redirect=None, status=None)) after connection broken by 'ConnectionResetError(104, 'Connection reset by peer')': /session/0a5c9e3c1b67958304924fb3435e58c8
2025-03-06 19:39:30,759 - WARNING - Retrying (Retry(total=1, connect=None, read=None, redirect=None, status=None)) after connection broken by 'NewConnectionError('<urllib3.connection.HTTPConnection object at 0x73eb8ccdaa40>: Failed to establish a new connection: [Errno 111] Connection refused')': /session/0a5c9e3c1b67958304924fb3435e58c8
2025-03-06 19:39:30,759 - WARNING - Retrying (Retry(total=0, connect=None, read=None, redirect=None, status=None)) after connection broken by 'NewConnectionError('<urllib3.connection.HTTPConnection object at 0x73eb8ccdab00>: Failed to establish a new connection: [Errno 111] Connection refused')': /session/0a5c9e3c1b67958304924fb3435e58c8
